[INFO] Scanning for projects...
[INFO] 
[INFO] ------------------------< com.example:VaultPay >------------------------
[INFO] Building VaultPay 0.0.1-SNAPSHOT
[INFO]   from pom.xml
[INFO] --------------------------------[ jar ]---------------------------------
[INFO] 
[INFO] --- resources:3.3.1:resources (default-resources) @ VaultPay ---
[INFO] Copying 2 resources from src\main\resources to target\classes
[INFO] Copying 0 resource from src\main\resources to target\classes
[INFO] 
[INFO] --- compiler:3.13.0:compile (default-compile) @ VaultPay ---
[INFO] Recompiling the module because of changed source code.
[INFO] Compiling 49 source files with javac [debug parameters release 21] to target\classes
[INFO] -------------------------------------------------------------
[ERROR] COMPILATION ERROR : 
[INFO] -------------------------------------------------------------
[ERROR] /C:/Users/HP/Downloads/VaultPay/VaultPay/src/main/java/com/vaultpay/transaction/TransferService.java:[20,19] cannot find symbol
  symbol:   class IdempotencyRepository
  location: class com.vaultpay.transaction.TransferService
[ERROR] /C:/Users/HP/Downloads/VaultPay/VaultPay/src/main/java/com/vaultpay/transaction/TransferService.java:[24,12] cannot find symbol
  symbol:   class TransferResult
  location: class com.vaultpay.transaction.TransferService
[ERROR] /C:/Users/HP/Downloads/VaultPay/VaultPay/src/main/java/com/vaultpay/transaction/TransferService.java:[16,1] cannot find symbol
  symbol:   class IdempotencyRepository
  location: class com.vaultpay.transaction.TransferService
[INFO] 3 errors 
[INFO] -------------------------------------------------------------
[INFO] ------------------------------------------------------------------------
[INFO] BUILD FAILURE
[INFO] ------------------------------------------------------------------------
[INFO] Total time:  6.124 s
[INFO] Finished at: 2026-03-05T20:38:09+02:00
[INFO] ------------------------------------------------------------------------
[ERROR] Failed to execute goal org.apache.maven.plugins:maven-compiler-plugin:3.13.0:compile (default-compile) on project VaultPay: Compilation failure: Compilation failure: 
[ERROR] /C:/Users/HP/Downloads/VaultPay/VaultPay/src/main/java/com/vaultpay/transaction/TransferService.java:[20,19] cannot find symbol
[ERROR]   symbol:   class IdempotencyRepository
[ERROR]   location: class com.vaultpay.transaction.TransferService
[ERROR] /C:/Users/HP/Downloads/VaultPay/VaultPay/src/main/java/com/vaultpay/transaction/TransferService.java:[24,12] cannot find symbol
[ERROR]   symbol:   class TransferResult
[ERROR]   location: class com.vaultpay.transaction.TransferService
[ERROR] /C:/Users/HP/Downloads/VaultPay/VaultPay/src/main/java/com/vaultpay/transaction/TransferService.java:[16,1] cannot find symbol
[ERROR]   symbol:   class IdempotencyRepository
[ERROR]   location: class com.vaultpay.transaction.TransferService
[ERROR] -> [Help 1]
[ERROR] 
[ERROR] To see the full stack trace of the errors, re-run Maven with the -e switch.
[ERROR] Re-run Maven using the -X switch to enable full debug logging.
[ERROR] 
[ERROR] For more information about the errors and possible solutions, please read the following articles:
[ERROR] [Help 1] http://cwiki.apache.org/confluence/display/MAVEN/MojoFailureException
