[INFO] Scanning for projects...
[INFO] 
[INFO] ------------------------< com.example:VaultPay >------------------------
[INFO] Building VaultPay 0.0.1-SNAPSHOT
[INFO]   from pom.xml
[INFO] --------------------------------[ jar ]---------------------------------
[INFO] 
[INFO] --- resources:3.3.1:resources (default-resources) @ VaultPay ---
[INFO] Copying 2 resources from src\main\resources to target\classes
[INFO] Copying 0 resource from src\main\resources to target\classes
[INFO] 
[INFO] --- compiler:3.13.0:compile (default-compile) @ VaultPay ---
[INFO] Recompiling the module because of changed source code.
[INFO] Compiling 50 source files with javac [debug parameters release 21] to target\classes
[INFO] /C:/Users/HP/Downloads/VaultPay/VaultPay/src/main/java/com/vaultpay/security/RateLimitFilter.java: C:\Users\HP\Downloads\VaultPay\VaultPay\src\main\java\com\vaultpay\security\RateLimitFilter.java uses or overrides a deprecated API.
[INFO] /C:/Users/HP/Downloads/VaultPay/VaultPay/src/main/java/com/vaultpay/security/RateLimitFilter.java: Recompile with -Xlint:deprecation for details.
[INFO] -------------------------------------------------------------
[ERROR] COMPILATION ERROR : 
[INFO] -------------------------------------------------------------
[ERROR] /C:/Users/HP/Downloads/VaultPay/VaultPay/src/main/java/com/vaultpay/admin/AdminService.java:[38,13] cannot find symbol
  symbol:   method setAccountNonLocked(boolean)
  location: variable user of type com.vaultpay.user.User
[ERROR] /C:/Users/HP/Downloads/VaultPay/VaultPay/src/main/java/com/vaultpay/admin/AdminService.java:[42,28] cannot find symbol
  symbol:   variable ADMIN_LOCKED_USER
  location: class com.vaultpay.audit.AuditAction
[ERROR] /C:/Users/HP/Downloads/VaultPay/VaultPay/src/main/java/com/vaultpay/admin/AdminService.java:[53,13] cannot find symbol
  symbol:   method setAccountNonLocked(boolean)
  location: variable user of type com.vaultpay.user.User
[ERROR] /C:/Users/HP/Downloads/VaultPay/VaultPay/src/main/java/com/vaultpay/admin/AdminService.java:[57,28] cannot find symbol
  symbol:   variable ADMIN_UNLOCKED_USER
  location: class com.vaultpay.audit.AuditAction
[ERROR] /C:/Users/HP/Downloads/VaultPay/VaultPay/src/main/java/com/vaultpay/security/RateLimitFilter.java:[35,51] cannot find symbol
  symbol:   variable SC_TOO_MANY_REQUESTS
  location: interface jakarta.servlet.http.HttpServletResponse
[INFO] 5 errors 
[INFO] -------------------------------------------------------------
[INFO] ------------------------------------------------------------------------
[INFO] BUILD FAILURE
[INFO] ------------------------------------------------------------------------
[INFO] Total time:  6.924 s
[INFO] Finished at: 2026-03-05T16:22:45+02:00
[INFO] ------------------------------------------------------------------------
[ERROR] Failed to execute goal org.apache.maven.plugins:maven-compiler-plugin:3.13.0:compile (default-compile) on project VaultPay: Compilation failure: Compilation failure: 
[ERROR] /C:/Users/HP/Downloads/VaultPay/VaultPay/src/main/java/com/vaultpay/admin/AdminService.java:[38,13] cannot find symbol
[ERROR]   symbol:   method setAccountNonLocked(boolean)
[ERROR]   location: variable user of type com.vaultpay.user.User
[ERROR] /C:/Users/HP/Downloads/VaultPay/VaultPay/src/main/java/com/vaultpay/admin/AdminService.java:[42,28] cannot find symbol
[ERROR]   symbol:   variable ADMIN_LOCKED_USER
[ERROR]   location: class com.vaultpay.audit.AuditAction
[ERROR] /C:/Users/HP/Downloads/VaultPay/VaultPay/src/main/java/com/vaultpay/admin/AdminService.java:[53,13] cannot find symbol
[ERROR]   symbol:   method setAccountNonLocked(boolean)
[ERROR]   location: variable user of type com.vaultpay.user.User
[ERROR] /C:/Users/HP/Downloads/VaultPay/VaultPay/src/main/java/com/vaultpay/admin/AdminService.java:[57,28] cannot find symbol
[ERROR]   symbol:   variable ADMIN_UNLOCKED_USER
[ERROR]   location: class com.vaultpay.audit.AuditAction
[ERROR] /C:/Users/HP/Downloads/VaultPay/VaultPay/src/main/java/com/vaultpay/security/RateLimitFilter.java:[35,51] cannot find symbol
[ERROR]   symbol:   variable SC_TOO_MANY_REQUESTS
[ERROR]   location: interface jakarta.servlet.http.HttpServletResponse
[ERROR] -> [Help 1]
[ERROR] 
[ERROR] To see the full stack trace of the errors, re-run Maven with the -e switch.
[ERROR] Re-run Maven using the -X switch to enable full debug logging.
[ERROR] 
[ERROR] For more information about the errors and possible solutions, please read the following articles:
[ERROR] [Help 1] http://cwiki.apache.org/confluence/display/MAVEN/MojoFailureException
