[INFO] Scanning for projects...
[INFO] 
[INFO] ------------------------< com.example:VaultPay >------------------------
[INFO] Building VaultPay 0.0.1-SNAPSHOT
[INFO]   from pom.xml
[INFO] --------------------------------[ jar ]---------------------------------
[INFO] 
[INFO] >>> spring-boot:3.4.1:run (default-cli) > test-compile @ VaultPay >>>
[INFO] 
[INFO] --- resources:3.3.1:resources (default-resources) @ VaultPay ---
[INFO] Copying 2 resources from src\main\resources to target\classes
[INFO] Copying 0 resource from src\main\resources to target\classes
[INFO] 
[INFO] --- compiler:3.13.0:compile (default-compile) @ VaultPay ---
[INFO] Recompiling the module because of changed source code.
[INFO] Compiling 49 source files with javac [debug parameters release 21] to target\classes
[INFO] /C:/Users/HP/Downloads/VaultPay/VaultPay/src/main/java/com/vaultpay/security/RateLimitFilter.java: C:\Users\HP\Downloads\VaultPay\VaultPay\src\main\java\com\vaultpay\security\RateLimitFilter.java uses or overrides a deprecated API.
[INFO] /C:/Users/HP/Downloads/VaultPay/VaultPay/src/main/java/com/vaultpay/security/RateLimitFilter.java: Recompile with -Xlint:deprecation for details.
[INFO] 
[INFO] --- resources:3.3.1:testResources (default-testResources) @ VaultPay ---
[INFO] skip non existing resourceDirectory C:\Users\HP\Downloads\VaultPay\VaultPay\src\test\resources
[INFO] 
[INFO] --- compiler:3.13.0:testCompile (default-testCompile) @ VaultPay ---
[INFO] Recompiling the module because of changed dependency.
[INFO] Compiling 1 source file with javac [debug parameters release 21] to target\test-classes
[INFO] 
[INFO] <<< spring-boot:3.4.1:run (default-cli) < test-compile @ VaultPay <<<
[INFO] 
[INFO] 
[INFO] --- spring-boot:3.4.1:run (default-cli) @ VaultPay ---
[INFO] Attaching agents: []

  .   ____          _            __ _ _
 /\\ / ___'_ __ _ _(_)_ __  __ _ \ \ \ \
( ( )\___ | '_ | '_| | '_ \/ _` | \ \ \ \
 \\/  ___)| |_)| | | | | || (_| |  ) ) ) )
  '  |____| .__|_| |_|_| |_\__, | / / / /
 =========|_|==============|___/=/_/_/_/

 :: Spring Boot ::                (v3.4.1)

2026-03-05T19:35:39.347+02:00  INFO 20520 --- [VaultPay] [           main] com.vaultpay.VaultPayApplication         : Starting VaultPayApplication using Java 21.0.8 with PID 20520 (C:\Users\HP\Downloads\VaultPay\VaultPay\target\classes started by HP in C:\Users\HP\Downloads\VaultPay\VaultPay)
2026-03-05T19:35:39.350+02:00  INFO 20520 --- [VaultPay] [           main] com.vaultpay.VaultPayApplication         : No active profile set, falling back to 1 default profile: "default"
2026-03-05T19:35:40.106+02:00  INFO 20520 --- [VaultPay] [           main] .s.d.r.c.RepositoryConfigurationDelegate : Bootstrapping Spring Data JPA repositories in DEFAULT mode.
2026-03-05T19:35:40.183+02:00  INFO 20520 --- [VaultPay] [           main] .s.d.r.c.RepositoryConfigurationDelegate : Finished Spring Data repository scanning in 66 ms. Found 6 JPA repository interfaces.
2026-03-05T19:35:40.738+02:00  INFO 20520 --- [VaultPay] [           main] o.s.b.w.embedded.tomcat.TomcatWebServer  : Tomcat initialized with port 8080 (http)
2026-03-05T19:35:40.748+02:00  INFO 20520 --- [VaultPay] [           main] o.apache.catalina.core.StandardService   : Starting service [Tomcat]
2026-03-05T19:35:40.748+02:00  INFO 20520 --- [VaultPay] [           main] o.apache.catalina.core.StandardEngine    : Starting Servlet engine: [Apache Tomcat/10.1.34]
2026-03-05T19:35:40.794+02:00  INFO 20520 --- [VaultPay] [           main] o.a.c.c.C.[Tomcat].[localhost].[/]       : Initializing Spring embedded WebApplicationContext
2026-03-05T19:35:40.795+02:00  INFO 20520 --- [VaultPay] [           main] w.s.c.ServletWebServerApplicationContext : Root WebApplicationContext: initialization completed in 1388 ms
2026-03-05T19:35:40.900+02:00  INFO 20520 --- [VaultPay] [           main] o.hibernate.jpa.internal.util.LogHelper  : HHH000204: Processing PersistenceUnitInfo [name: default]
2026-03-05T19:35:40.951+02:00  INFO 20520 --- [VaultPay] [           main] org.hibernate.Version                    : HHH000412: Hibernate ORM core version 6.6.4.Final
2026-03-05T19:35:40.977+02:00  INFO 20520 --- [VaultPay] [           main] o.h.c.internal.RegionFactoryInitiator    : HHH000026: Second-level cache disabled
2026-03-05T19:35:41.204+02:00  INFO 20520 --- [VaultPay] [           main] o.s.o.j.p.SpringPersistenceUnitInfo      : No LoadTimeWeaver setup: ignoring JPA class transformer
2026-03-05T19:35:41.227+02:00  INFO 20520 --- [VaultPay] [           main] com.zaxxer.hikari.HikariDataSource       : HikariPool-1 - Starting...
2026-03-05T19:35:41.363+02:00  INFO 20520 --- [VaultPay] [           main] com.zaxxer.hikari.pool.HikariPool        : HikariPool-1 - Added connection org.postgresql.jdbc.PgConnection@a047bdb
2026-03-05T19:35:41.364+02:00  INFO 20520 --- [VaultPay] [           main] com.zaxxer.hikari.HikariDataSource       : HikariPool-1 - Start completed.
2026-03-05T19:35:41.395+02:00  WARN 20520 --- [VaultPay] [           main] org.hibernate.orm.deprecation            : HHH90000025: PostgreSQLDialect does not need to be specified explicitly using 'hibernate.dialect' (remove the property setting and it will be selected by default)
2026-03-05T19:35:41.408+02:00  INFO 20520 --- [VaultPay] [           main] org.hibernate.orm.connections.pooling    : HHH10001005: Database info:
	Database JDBC URL [Connecting through datasource 'HikariDataSource (HikariPool-1)']
	Database driver: undefined/unknown
	Database version: 17.6
	Autocommit mode: undefined/unknown
	Isolation level: undefined/unknown
	Minimum pool size: undefined/unknown
	Maximum pool size: undefined/unknown
2026-03-05T19:35:42.397+02:00  INFO 20520 --- [VaultPay] [           main] o.h.e.t.j.p.i.JtaPlatformInitiator       : HHH000489: No JTA platform available (set 'hibernate.transaction.jta.platform' to enable JTA platform integration)
Hibernate: create table audit_logs (id bigint generated by default as identity, action varchar(255) not null check (action in ('USER_REGISTERED','USER_LOGGED_IN','USER_LOGGED_OUT','WALLET_BALANCE_VIEWED','MONEY_TRANSFERRED','ADMIN_LOCKED_USER','ADMIN_UNLOCKED_USER')), details varchar(500), performed_at timestamp(6) not null, performed_by_id bigint not null, primary key (id))
Hibernate: create table idempotency_keys (id bigint generated by default as identity, created_at timestamp(6) not null, idempotency_key varchar(255) not null, response_hash varchar(255) not null, primary key (id))
Hibernate: create table token_blacklist (id bigint generated by default as identity, invalidated_at timestamp(6) not null, token varchar(500) not null, primary key (id))
Hibernate: create table transactions (id bigint generated by default as identity, amount numeric(38,2), created_at timestamp(6), status varchar(255) check (status in ('PENDING','PROCESSING','SUCCESS','FAILED')), recipient_id bigint, sender_id bigint, primary key (id))
Hibernate: create table users (id bigint generated by default as identity, account_non_locked boolean not null, created_at timestamp(6) not null, email varchar(255) not null, enabled boolean not null, password varchar(255) not null, role varchar(255) check (role in ('USER','MERCHANT','ADMIN','AUDITOR')), primary key (id))
Hibernate: create table wallets (id bigint generated by default as identity, balance numeric(38,2) not null, user_id bigint not null, primary key (id))
Hibernate: alter table if exists idempotency_keys drop constraint if exists UK7lan5ijmyqxet1pjuhp6tvhoc
2026-03-05T19:35:42.547+02:00  WARN 20520 --- [VaultPay] [           main] o.h.engine.jdbc.spi.SqlExceptionHelper   : SQL Warning Code: 0, SQLState: 00000
2026-03-05T19:35:42.547+02:00  WARN 20520 --- [VaultPay] [           main] o.h.engine.jdbc.spi.SqlExceptionHelper   : constraint "uk7lan5ijmyqxet1pjuhp6tvhoc" of relation "idempotency_keys" does not exist, skipping
Hibernate: alter table if exists idempotency_keys add constraint UK7lan5ijmyqxet1pjuhp6tvhoc unique (idempotency_key)
Hibernate: alter table if exists token_blacklist drop constraint if exists UKbff28eugoihk2swcdiybdej20
2026-03-05T19:35:42.549+02:00  WARN 20520 --- [VaultPay] [           main] o.h.engine.jdbc.spi.SqlExceptionHelper   : SQL Warning Code: 0, SQLState: 00000
2026-03-05T19:35:42.549+02:00  WARN 20520 --- [VaultPay] [           main] o.h.engine.jdbc.spi.SqlExceptionHelper   : constraint "ukbff28eugoihk2swcdiybdej20" of relation "token_blacklist" does not exist, skipping
Hibernate: alter table if exists token_blacklist add constraint UKbff28eugoihk2swcdiybdej20 unique (token)
Hibernate: alter table if exists users drop constraint if exists UK6dotkott2kjsp8vw4d0m25fb7
2026-03-05T19:35:42.551+02:00  WARN 20520 --- [VaultPay] [           main] o.h.engine.jdbc.spi.SqlExceptionHelper   : SQL Warning Code: 0, SQLState: 00000
2026-03-05T19:35:42.551+02:00  WARN 20520 --- [VaultPay] [           main] o.h.engine.jdbc.spi.SqlExceptionHelper   : constraint "uk6dotkott2kjsp8vw4d0m25fb7" of relation "users" does not exist, skipping
Hibernate: alter table if exists users add constraint UK6dotkott2kjsp8vw4d0m25fb7 unique (email)
Hibernate: alter table if exists wallets drop constraint if exists UKsswfdl9fq40xlkove1y5kc7kv
2026-03-05T19:35:42.553+02:00  WARN 20520 --- [VaultPay] [           main] o.h.engine.jdbc.spi.SqlExceptionHelper   : SQL Warning Code: 0, SQLState: 00000
2026-03-05T19:35:42.553+02:00  WARN 20520 --- [VaultPay] [           main] o.h.engine.jdbc.spi.SqlExceptionHelper   : constraint "uksswfdl9fq40xlkove1y5kc7kv" of relation "wallets" does not exist, skipping
Hibernate: alter table if exists wallets add constraint UKsswfdl9fq40xlkove1y5kc7kv unique (user_id)
Hibernate: alter table if exists audit_logs add constraint FK6kkr1cx12j4vinn5ele5o88f4 foreign key (performed_by_id) references users
Hibernate: alter table if exists transactions add constraint FKrafgdmno25vtr1bc29bw2px92 foreign key (recipient_id) references users
Hibernate: alter table if exists transactions add constraint FK3ly4r8r6ubt0blftudix2httv foreign key (sender_id) references users
Hibernate: alter table if exists wallets add constraint FKc1foyisidw7wqqrkamafuwn4e foreign key (user_id) references users
2026-03-05T19:35:42.563+02:00  INFO 20520 --- [VaultPay] [           main] j.LocalContainerEntityManagerFactoryBean : Initialized JPA EntityManagerFactory for persistence unit 'default'
2026-03-05T19:35:42.928+02:00  WARN 20520 --- [VaultPay] [           main] ConfigServletWebServerApplicationContext : Exception encountered during context initialization - cancelling refresh attempt: org.springframework.beans.factory.UnsatisfiedDependencyException: Error creating bean with name 'transactionService' defined in file [C:\Users\HP\Downloads\VaultPay\VaultPay\target\classes\com\vaultpay\transaction\TransactionService.class]: Unsatisfied dependency expressed through constructor parameter 0: Error creating bean with name 'transactionRepository' defined in com.vaultpay.transaction.TransactionRepository defined in @EnableJpaRepositories declared on JpaRepositoriesRegistrar.EnableJpaRepositoriesConfiguration: Could not create query for public abstract org.springframework.data.domain.Page com.vaultpay.transaction.TransactionRepository.findByWallet(com.vaultpay.wallet.Wallet,org.springframework.data.domain.Pageable); Reason: Failed to create query for method public abstract org.springframework.data.domain.Page com.vaultpay.transaction.TransactionRepository.findByWallet(com.vaultpay.wallet.Wallet,org.springframework.data.domain.Pageable); No property 'wallet' found for type 'Transaction'
2026-03-05T19:35:42.930+02:00  INFO 20520 --- [VaultPay] [           main] j.LocalContainerEntityManagerFactoryBean : Closing JPA EntityManagerFactory for persistence unit 'default'
2026-03-05T19:35:42.932+02:00  INFO 20520 --- [VaultPay] [           main] com.zaxxer.hikari.HikariDataSource       : HikariPool-1 - Shutdown initiated...
2026-03-05T19:35:42.936+02:00  INFO 20520 --- [VaultPay] [           main] com.zaxxer.hikari.HikariDataSource       : HikariPool-1 - Shutdown completed.
2026-03-05T19:35:42.939+02:00  INFO 20520 --- [VaultPay] [           main] o.apache.catalina.core.StandardService   : Stopping service [Tomcat]
2026-03-05T19:35:42.948+02:00  INFO 20520 --- [VaultPay] [           main] .s.b.a.l.ConditionEvaluationReportLogger : 

Error starting ApplicationContext. To display the condition evaluation report re-run your application with 'debug' enabled.
2026-03-05T19:35:42.961+02:00 ERROR 20520 --- [VaultPay] [           main] o.s.boot.SpringApplication               : Application run failed

org.springframework.beans.factory.UnsatisfiedDependencyException: Error creating bean with name 'transactionService' defined in file [C:\Users\HP\Downloads\VaultPay\VaultPay\target\classes\com\vaultpay\transaction\TransactionService.class]: Unsatisfied dependency expressed through constructor parameter 0: Error creating bean with name 'transactionRepository' defined in com.vaultpay.transaction.TransactionRepository defined in @EnableJpaRepositories declared on JpaRepositoriesRegistrar.EnableJpaRepositoriesConfiguration: Could not create query for public abstract org.springframework.data.domain.Page com.vaultpay.transaction.TransactionRepository.findByWallet(com.vaultpay.wallet.Wallet,org.springframework.data.domain.Pageable); Reason: Failed to create query for method public abstract org.springframework.data.domain.Page com.vaultpay.transaction.TransactionRepository.findByWallet(com.vaultpay.wallet.Wallet,org.springframework.data.domain.Pageable); No property 'wallet' found for type 'Transaction'
	at org.springframework.beans.factory.support.ConstructorResolver.createArgumentArray(ConstructorResolver.java:804) ~[spring-beans-6.2.1.jar:6.2.1]
	at org.springframework.beans.factory.support.ConstructorResolver.autowireConstructor(ConstructorResolver.java:240) ~[spring-beans-6.2.1.jar:6.2.1]
	at org.springframework.beans.factory.support.AbstractAutowireCapableBeanFactory.autowireConstructor(AbstractAutowireCapableBeanFactory.java:1377) ~[spring-beans-6.2.1.jar:6.2.1]
	at org.springframework.beans.factory.support.AbstractAutowireCapableBeanFactory.createBeanInstance(AbstractAutowireCapableBeanFactory.java:1214) ~[spring-beans-6.2.1.jar:6.2.1]
	at org.springframework.beans.factory.support.AbstractAutowireCapableBeanFactory.doCreateBean(AbstractAutowireCapableBeanFactory.java:563) ~[spring-beans-6.2.1.jar:6.2.1]
	at org.springframework.beans.factory.support.AbstractAutowireCapableBeanFactory.createBean(AbstractAutowireCapableBeanFactory.java:523) ~[spring-beans-6.2.1.jar:6.2.1]
	at org.springframework.beans.factory.support.AbstractBeanFactory.lambda$doGetBean$0(AbstractBeanFactory.java:336) ~[spring-beans-6.2.1.jar:6.2.1]
	at org.springframework.beans.factory.support.DefaultSingletonBeanRegistry.getSingleton(DefaultSingletonBeanRegistry.java:289) ~[spring-beans-6.2.1.jar:6.2.1]
	at org.springframework.beans.factory.support.AbstractBeanFactory.doGetBean(AbstractBeanFactory.java:334) ~[spring-beans-6.2.1.jar:6.2.1]
	at org.springframework.beans.factory.support.AbstractBeanFactory.getBean(AbstractBeanFactory.java:199) ~[spring-beans-6.2.1.jar:6.2.1]
	at org.springframework.beans.factory.support.DefaultListableBeanFactory.instantiateSingleton(DefaultListableBeanFactory.java:1122) ~[spring-beans-6.2.1.jar:6.2.1]
	at org.springframework.beans.factory.support.DefaultListableBeanFactory.preInstantiateSingleton(DefaultListableBeanFactory.java:1093) ~[spring-beans-6.2.1.jar:6.2.1]
	at org.springframework.beans.factory.support.DefaultListableBeanFactory.preInstantiateSingletons(DefaultListableBeanFactory.java:1030) ~[spring-beans-6.2.1.jar:6.2.1]
	at org.springframework.context.support.AbstractApplicationContext.finishBeanFactoryInitialization(AbstractApplicationContext.java:987) ~[spring-context-6.2.1.jar:6.2.1]
	at org.springframework.context.support.AbstractApplicationContext.refresh(AbstractApplicationContext.java:627) ~[spring-context-6.2.1.jar:6.2.1]
	at org.springframework.boot.web.servlet.context.ServletWebServerApplicationContext.refresh(ServletWebServerApplicationContext.java:146) ~[spring-boot-3.4.1.jar:3.4.1]
	at org.springframework.boot.SpringApplication.refresh(SpringApplication.java:752) ~[spring-boot-3.4.1.jar:3.4.1]
	at org.springframework.boot.SpringApplication.refreshContext(SpringApplication.java:439) ~[spring-boot-3.4.1.jar:3.4.1]
	at org.springframework.boot.SpringApplication.run(SpringApplication.java:318) ~[spring-boot-3.4.1.jar:3.4.1]
	at org.springframework.boot.SpringApplication.run(SpringApplication.java:1361) ~[spring-boot-3.4.1.jar:3.4.1]
	at org.springframework.boot.SpringApplication.run(SpringApplication.java:1350) ~[spring-boot-3.4.1.jar:3.4.1]
	at com.vaultpay.VaultPayApplication.main(VaultPayApplication.java:10) ~[classes/:na]
Caused by: org.springframework.beans.factory.BeanCreationException: Error creating bean with name 'transactionRepository' defined in com.vaultpay.transaction.TransactionRepository defined in @EnableJpaRepositories declared on JpaRepositoriesRegistrar.EnableJpaRepositoriesConfiguration: Could not create query for public abstract org.springframework.data.domain.Page com.vaultpay.transaction.TransactionRepository.findByWallet(com.vaultpay.wallet.Wallet,org.springframework.data.domain.Pageable); Reason: Failed to create query for method public abstract org.springframework.data.domain.Page com.vaultpay.transaction.TransactionRepository.findByWallet(com.vaultpay.wallet.Wallet,org.springframework.data.domain.Pageable); No property 'wallet' found for type 'Transaction'
	at org.springframework.beans.factory.support.AbstractAutowireCapableBeanFactory.initializeBean(AbstractAutowireCapableBeanFactory.java:1808) ~[spring-beans-6.2.1.jar:6.2.1]
	at org.springframework.beans.factory.support.AbstractAutowireCapableBeanFactory.doCreateBean(AbstractAutowireCapableBeanFactory.java:601) ~[spring-beans-6.2.1.jar:6.2.1]
	at org.springframework.beans.factory.support.AbstractAutowireCapableBeanFactory.createBean(AbstractAutowireCapableBeanFactory.java:523) ~[spring-beans-6.2.1.jar:6.2.1]
	at org.springframework.beans.factory.support.AbstractBeanFactory.lambda$doGetBean$0(AbstractBeanFactory.java:336) ~[spring-beans-6.2.1.jar:6.2.1]
	at org.springframework.beans.factory.support.DefaultSingletonBeanRegistry.getSingleton(DefaultSingletonBeanRegistry.java:289) ~[spring-beans-6.2.1.jar:6.2.1]
	at org.springframework.beans.factory.support.AbstractBeanFactory.doGetBean(AbstractBeanFactory.java:334) ~[spring-beans-6.2.1.jar:6.2.1]
	at org.springframework.beans.factory.support.AbstractBeanFactory.getBean(AbstractBeanFactory.java:199) ~[spring-beans-6.2.1.jar:6.2.1]
	at org.springframework.beans.factory.config.DependencyDescriptor.resolveCandidate(DependencyDescriptor.java:254) ~[spring-beans-6.2.1.jar:6.2.1]
	at org.springframework.beans.factory.support.DefaultListableBeanFactory.doResolveDependency(DefaultListableBeanFactory.java:1631) ~[spring-beans-6.2.1.jar:6.2.1]
	at org.springframework.beans.factory.support.DefaultListableBeanFactory.resolveDependency(DefaultListableBeanFactory.java:1519) ~[spring-beans-6.2.1.jar:6.2.1]
	at org.springframework.beans.factory.support.ConstructorResolver.resolveAutowiredArgument(ConstructorResolver.java:913) ~[spring-beans-6.2.1.jar:6.2.1]
	at org.springframework.beans.factory.support.ConstructorResolver.createArgumentArray(ConstructorResolver.java:791) ~[spring-beans-6.2.1.jar:6.2.1]
	... 21 common frames omitted
Caused by: org.springframework.data.repository.query.QueryCreationException: Could not create query for public abstract org.springframework.data.domain.Page com.vaultpay.transaction.TransactionRepository.findByWallet(com.vaultpay.wallet.Wallet,org.springframework.data.domain.Pageable); Reason: Failed to create query for method public abstract org.springframework.data.domain.Page com.vaultpay.transaction.TransactionRepository.findByWallet(com.vaultpay.wallet.Wallet,org.springframework.data.domain.Pageable); No property 'wallet' found for type 'Transaction'
	at org.springframework.data.repository.query.QueryCreationException.create(QueryCreationException.java:101) ~[spring-data-commons-3.4.1.jar:3.4.1]
	at org.springframework.data.repository.core.support.QueryExecutorMethodInterceptor.lookupQuery(QueryExecutorMethodInterceptor.java:120) ~[spring-data-commons-3.4.1.jar:3.4.1]
	at org.springframework.data.repository.core.support.QueryExecutorMethodInterceptor.mapMethodsToQuery(QueryExecutorMethodInterceptor.java:104) ~[spring-data-commons-3.4.1.jar:3.4.1]
	at org.springframework.data.repository.core.support.QueryExecutorMethodInterceptor.lambda$new$0(QueryExecutorMethodInterceptor.java:92) ~[spring-data-commons-3.4.1.jar:3.4.1]
	at java.base/java.util.Optional.map(Optional.java:260) ~[na:na]
	at org.springframework.data.repository.core.support.QueryExecutorMethodInterceptor.<init>(QueryExecutorMethodInterceptor.java:92) ~[spring-data-commons-3.4.1.jar:3.4.1]
	at org.springframework.data.repository.core.support.RepositoryFactorySupport.getRepository(RepositoryFactorySupport.java:440) ~[spring-data-commons-3.4.1.jar:3.4.1]
	at org.springframework.data.repository.core.support.RepositoryFactoryBeanSupport.lambda$afterPropertiesSet$4(RepositoryFactoryBeanSupport.java:350) ~[spring-data-commons-3.4.1.jar:3.4.1]
	at org.springframework.data.util.Lazy.getNullable(Lazy.java:135) ~[spring-data-commons-3.4.1.jar:3.4.1]
	at org.springframework.data.util.Lazy.get(Lazy.java:113) ~[spring-data-commons-3.4.1.jar:3.4.1]
	at org.springframework.data.repository.core.support.RepositoryFactoryBeanSupport.afterPropertiesSet(RepositoryFactoryBeanSupport.java:356) ~[spring-data-commons-3.4.1.jar:3.4.1]
	at org.springframework.data.jpa.repository.support.JpaRepositoryFactoryBean.afterPropertiesSet(JpaRepositoryFactoryBean.java:132) ~[spring-data-jpa-3.4.1.jar:3.4.1]
	at org.springframework.beans.factory.support.AbstractAutowireCapableBeanFactory.invokeInitMethods(AbstractAutowireCapableBeanFactory.java:1855) ~[spring-beans-6.2.1.jar:6.2.1]
	at org.springframework.beans.factory.support.AbstractAutowireCapableBeanFactory.initializeBean(AbstractAutowireCapableBeanFactory.java:1804) ~[spring-beans-6.2.1.jar:6.2.1]
	... 32 common frames omitted
Caused by: java.lang.IllegalArgumentException: Failed to create query for method public abstract org.springframework.data.domain.Page com.vaultpay.transaction.TransactionRepository.findByWallet(com.vaultpay.wallet.Wallet,org.springframework.data.domain.Pageable); No property 'wallet' found for type 'Transaction'
	at org.springframework.data.jpa.repository.query.PartTreeJpaQuery.<init>(PartTreeJpaQuery.java:107) ~[spring-data-jpa-3.4.1.jar:3.4.1]
	at org.springframework.data.jpa.repository.query.JpaQueryLookupStrategy$CreateQueryLookupStrategy.resolveQuery(JpaQueryLookupStrategy.java:128) ~[spring-data-jpa-3.4.1.jar:3.4.1]
	at org.springframework.data.jpa.repository.query.JpaQueryLookupStrategy$CreateIfNotFoundQueryLookupStrategy.resolveQuery(JpaQueryLookupStrategy.java:262) ~[spring-data-jpa-3.4.1.jar:3.4.1]
	at org.springframework.data.jpa.repository.query.JpaQueryLookupStrategy$AbstractQueryLookupStrategy.resolveQuery(JpaQueryLookupStrategy.java:99) ~[spring-data-jpa-3.4.1.jar:3.4.1]
	at org.springframework.data.repository.core.support.QueryExecutorMethodInterceptor.lookupQuery(QueryExecutorMethodInterceptor.java:116) ~[spring-data-commons-3.4.1.jar:3.4.1]
	... 44 common frames omitted
Caused by: org.springframework.data.mapping.PropertyReferenceException: No property 'wallet' found for type 'Transaction'
	at org.springframework.data.mapping.PropertyPath.<init>(PropertyPath.java:94) ~[spring-data-commons-3.4.1.jar:3.4.1]
	at org.springframework.data.mapping.PropertyPath.create(PropertyPath.java:455) ~[spring-data-commons-3.4.1.jar:3.4.1]
	at org.springframework.data.mapping.PropertyPath.create(PropertyPath.java:431) ~[spring-data-commons-3.4.1.jar:3.4.1]
	at org.springframework.data.mapping.PropertyPath.lambda$from$0(PropertyPath.java:384) ~[spring-data-commons-3.4.1.jar:3.4.1]
	at java.base/java.util.concurrent.ConcurrentMap.computeIfAbsent(ConcurrentMap.java:330) ~[na:na]
	at org.springframework.data.mapping.PropertyPath.from(PropertyPath.java:366) ~[spring-data-commons-3.4.1.jar:3.4.1]
	at org.springframework.data.mapping.PropertyPath.from(PropertyPath.java:344) ~[spring-data-commons-3.4.1.jar:3.4.1]
	at org.springframework.data.repository.query.parser.Part.<init>(Part.java:81) ~[spring-data-commons-3.4.1.jar:3.4.1]
	at org.springframework.data.repository.query.parser.PartTree$OrPart.lambda$new$0(PartTree.java:259) ~[spring-data-commons-3.4.1.jar:3.4.1]
	at java.base/java.util.stream.ReferencePipeline$3$1.accept(ReferencePipeline.java:197) ~[na:na]
	at java.base/java.util.stream.ReferencePipeline$2$1.accept(ReferencePipeline.java:179) ~[na:na]
	at java.base/java.util.Spliterators$ArraySpliterator.forEachRemaining(Spliterators.java:1024) ~[na:na]
	at java.base/java.util.stream.AbstractPipeline.copyInto(AbstractPipeline.java:509) ~[na:na]
	at java.base/java.util.stream.AbstractPipeline.wrapAndCopyInto(AbstractPipeline.java:499) ~[na:na]
	at java.base/java.util.stream.ReduceOps$ReduceOp.evaluateSequential(ReduceOps.java:921) ~[na:na]
	at java.base/java.util.stream.AbstractPipeline.evaluate(AbstractPipeline.java:234) ~[na:na]
	at java.base/java.util.stream.ReferencePipeline.collect(ReferencePipeline.java:682) ~[na:na]
	at org.springframework.data.repository.query.parser.PartTree$OrPart.<init>(PartTree.java:260) ~[spring-data-commons-3.4.1.jar:3.4.1]
	at org.springframework.data.repository.query.parser.PartTree$Predicate.lambda$new$0(PartTree.java:389) ~[spring-data-commons-3.4.1.jar:3.4.1]
	at java.base/java.util.stream.ReferencePipeline$3$1.accept(ReferencePipeline.java:197) ~[na:na]
	at java.base/java.util.stream.ReferencePipeline$2$1.accept(ReferencePipeline.java:179) ~[na:na]
	at java.base/java.util.Spliterators$ArraySpliterator.forEachRemaining(Spliterators.java:1024) ~[na:na]
	at java.base/java.util.stream.AbstractPipeline.copyInto(AbstractPipeline.java:509) ~[na:na]
	at java.base/java.util.stream.AbstractPipeline.wrapAndCopyInto(AbstractPipeline.java:499) ~[na:na]
	at java.base/java.util.stream.ReduceOps$ReduceOp.evaluateSequential(ReduceOps.java:921) ~[na:na]
	at java.base/java.util.stream.AbstractPipeline.evaluate(AbstractPipeline.java:234) ~[na:na]
	at java.base/java.util.stream.ReferencePipeline.collect(ReferencePipeline.java:682) ~[na:na]
	at org.springframework.data.repository.query.parser.PartTree$Predicate.<init>(PartTree.java:390) ~[spring-data-commons-3.4.1.jar:3.4.1]
	at org.springframework.data.repository.query.parser.PartTree.<init>(PartTree.java:103) ~[spring-data-commons-3.4.1.jar:3.4.1]
	at org.springframework.data.jpa.repository.query.PartTreeJpaQuery.<init>(PartTreeJpaQuery.java:101) ~[spring-data-jpa-3.4.1.jar:3.4.1]
	... 48 common frames omitted

[INFO] ------------------------------------------------------------------------
[INFO] BUILD FAILURE
[INFO] ------------------------------------------------------------------------
[INFO] Total time:  9.656 s
[INFO] Finished at: 2026-03-05T19:35:43+02:00
[INFO] ------------------------------------------------------------------------
[ERROR] Failed to execute goal org.springframework.boot:spring-boot-maven-plugin:3.4.1:run (default-cli) on project VaultPay: Process terminated with exit code: 1 -> [Help 1]
[ERROR] 
[ERROR] To see the full stack trace of the errors, re-run Maven with the -e switch.
[ERROR] Re-run Maven using the -X switch to enable full debug logging.
[ERROR] 
[ERROR] For more information about the errors and possible solutions, please read the following articles:
[ERROR] [Help 1] http://cwiki.apache.org/confluence/display/MAVEN/MojoExecutionException
