[INFO] Scanning for projects...
[INFO] 
[INFO] ------------------------< com.example:VaultPay >------------------------
[INFO] Building VaultPay 0.0.1-SNAPSHOT
[INFO]   from pom.xml
[INFO] --------------------------------[ jar ]---------------------------------
[INFO] 
[INFO] >>> spring-boot:3.4.1:run (default-cli) > test-compile @ VaultPay >>>
Downloading from central: https://repo.maven.apache.org/maven2/org/springdoc/springdoc-openapi-starter-webmvc-ui/2.7.0/springdoc-openapi-starter-webmvc-ui-2.7.0.pom
Progress (1): 1.7 kB
Progress (1): 1.9 kB
                    
Downloaded from central: https://repo.maven.apache.org/maven2/org/springdoc/springdoc-openapi-starter-webmvc-ui/2.7.0/springdoc-openapi-starter-webmvc-ui-2.7.0.pom (1.9 kB at 776 B/s)
Downloading from central: https://repo.maven.apache.org/maven2/org/springdoc/springdoc-openapi/2.7.0/springdoc-openapi-2.7.0.pom
Progress (1): 1.1 kB
Progress (1): 2.5 kB
Progress (1): 6.3 kB
Progress (1): 9.2 kB
Progress (1): 10 kB 
                   
Downloaded from central: https://repo.maven.apache.org/maven2/org/springdoc/springdoc-openapi/2.7.0/springdoc-openapi-2.7.0.pom (10 kB at 63 kB/s)
Downloading from central: https://repo.maven.apache.org/maven2/org/springframework/boot/spring-boot-starter-parent/3.4.0/spring-boot-starter-parent-3.4.0.pom
Progress (1): 1.1 kB
Progress (1): 2.6 kB
Progress (1): 6.5 kB
Progress (1): 11 kB 
Progress (1): 13 kB
                   
Downloaded from central: https://repo.maven.apache.org/maven2/org/springframework/boot/spring-boot-starter-parent/3.4.0/spring-boot-starter-parent-3.4.0.pom (13 kB at 85 kB/s)
Downloading from central: https://repo.maven.apache.org/maven2/org/springframework/boot/spring-boot-dependencies/3.4.0/spring-boot-dependencies-3.4.0.pom
Progress (1): 1.0 kB
Progress (1): 2.2 kB
Progress (1): 4.3 kB
Progress (1): 6.5 kB
Progress (1): 8.2 kB
Progress (1): 10 kB 
Progress (1): 13 kB
Progress (1): 20 kB
Progress (1): 29 kB
Progress (1): 37 kB
Progress (1): 41 kB
Progress (1): 50 kB
Progress (1): 58 kB
Progress (1): 67 kB
Progress (1): 77 kB
Progress (1): 83 kB
Progress (1): 88 kB
Progress (1): 96 kB
Progress (1): 97 kB
                   
Downloaded from central: https://repo.maven.apache.org/maven2/org/springframework/boot/spring-boot-dependencies/3.4.0/spring-boot-dependencies-3.4.0.pom (97 kB at 242 kB/s)
Downloading from central: https://repo.maven.apache.org/maven2/io/zipkin/reporter2/zipkin-reporter-bom/3.4.2/zipkin-reporter-bom-3.4.2.pom
Progress (1): 769 B
Progress (1): 1.8 kB
Progress (1): 3.4 kB
Progress (1): 6.4 kB
                    
Downloaded from central: https://repo.maven.apache.org/maven2/io/zipkin/reporter2/zipkin-reporter-bom/3.4.2/zipkin-reporter-bom-3.4.2.pom (6.4 kB at 54 kB/s)
Downloading from central: https://repo.maven.apache.org/maven2/com/fasterxml/jackson/jackson-bom/2.18.1/jackson-bom-2.18.1.pom
Progress (1): 933 B
Progress (1): 2.0 kB
Progress (1): 6.3 kB
Progress (1): 15 kB 
Progress (1): 18 kB
Progress (1): 19 kB
                   
Downloaded from central: https://repo.maven.apache.org/maven2/com/fasterxml/jackson/jackson-bom/2.18.1/jackson-bom-2.18.1.pom (19 kB at 79 kB/s)
Downloading from central: https://repo.maven.apache.org/maven2/org/eclipse/jetty/ee10/jetty-ee10-bom/12.0.15/jetty-ee10-bom-12.0.15.pom
Progress (1): 1.1 kB
Progress (1): 3.7 kB
Progress (1): 9.6 kB
                    
Downloaded from central: https://repo.maven.apache.org/maven2/org/eclipse/jetty/ee10/jetty-ee10-bom/12.0.15/jetty-ee10-bom-12.0.15.pom (9.6 kB at 74 kB/s)
Downloading from central: https://repo.maven.apache.org/maven2/org/eclipse/jetty/jetty-bom/12.0.15/jetty-bom-12.0.15.pom
Progress (1): 1.1 kB
Progress (1): 3.8 kB
Progress (1): 13 kB 
Progress (1): 14 kB
                   
Downloaded from central: https://repo.maven.apache.org/maven2/org/eclipse/jetty/jetty-bom/12.0.15/jetty-bom-12.0.15.pom (14 kB at 105 kB/s)
Downloading from central: https://repo.maven.apache.org/maven2/org/apache/logging/log4j/log4j-bom/2.24.1/log4j-bom-2.24.1.pom
Progress (1): 793 B
Progress (1): 1.8 kB
Progress (1): 4.8 kB
Progress (1): 9.0 kB
Progress (1): 12 kB 
                   
Downloaded from central: https://repo.maven.apache.org/maven2/org/apache/logging/log4j/log4j-bom/2.24.1/log4j-bom-2.24.1.pom (12 kB at 14 kB/s)
Downloading from central: https://repo.maven.apache.org/maven2/io/micrometer/micrometer-bom/1.14.1/micrometer-bom-1.14.1.pom
Progress (1): 1.0 kB
Progress (1): 7.2 kB
Progress (1): 8.6 kB
                    
Downloaded from central: https://repo.maven.apache.org/maven2/io/micrometer/micrometer-bom/1.14.1/micrometer-bom-1.14.1.pom (8.6 kB at 22 kB/s)
Downloading from central: https://repo.maven.apache.org/maven2/io/micrometer/micrometer-tracing-bom/1.4.0/micrometer-tracing-bom-1.4.0.pom
Progress (1): 1.0 kB
Progress (1): 3.4 kB
Progress (1): 4.5 kB
                    
Downloaded from central: https://repo.maven.apache.org/maven2/io/micrometer/micrometer-tracing-bom/1.4.0/micrometer-tracing-bom-1.4.0.pom (4.5 kB at 6.2 kB/s)
Downloading from spring-release: https://repo.spring.io/release/io/micrometer/micrometer-bom/1.14.0/micrometer-bom-1.14.0.pom
Downloading from spring-snapshot: https://repo.spring.io/snapshot/io/micrometer/micrometer-bom/1.14.0/micrometer-bom-1.14.0.pom
Downloading from spring-milestones: https://repo.spring.io/milestone/io/micrometer/micrometer-bom/1.14.0/micrometer-bom-1.14.0.pom
Downloading from central: https://repo.maven.apache.org/maven2/io/micrometer/micrometer-bom/1.14.0/micrometer-bom-1.14.0.pom
Progress (1): 1.1 kB
Progress (1): 7.2 kB
Progress (1): 8.6 kB
                    
Downloaded from central: https://repo.maven.apache.org/maven2/io/micrometer/micrometer-bom/1.14.0/micrometer-bom-1.14.0.pom (8.6 kB at 47 kB/s)
Downloading from central: https://repo.maven.apache.org/maven2/io/netty/netty-bom/4.1.115.Final/netty-bom-4.1.115.Final.pom
Progress (1): 786 B
Progress (1): 2.4 kB
Progress (1): 12 kB 
Progress (1): 14 kB
                   
Downloaded from central: https://repo.maven.apache.org/maven2/io/netty/netty-bom/4.1.115.Final/netty-bom-4.1.115.Final.pom (14 kB at 103 kB/s)
Downloading from central: https://repo.maven.apache.org/maven2/io/prometheus/prometheus-metrics-bom/1.3.3/prometheus-metrics-bom-1.3.3.pom
Progress (1): 3.1 kB
Progress (1): 5.1 kB
                    
Downloaded from central: https://repo.maven.apache.org/maven2/io/prometheus/prometheus-metrics-bom/1.3.3/prometheus-metrics-bom-1.3.3.pom (5.1 kB at 38 kB/s)
Downloading from central: https://repo.maven.apache.org/maven2/io/prometheus/client_java/1.3.3/client_java-1.3.3.pom
Progress (1): 1.1 kB
Progress (1): 3.4 kB
Progress (1): 7.4 kB
Progress (1): 11 kB 
Progress (1): 14 kB
Progress (1): 18 kB
Progress (1): 20 kB
                   
Downloaded from central: https://repo.maven.apache.org/maven2/io/prometheus/client_java/1.3.3/client_java-1.3.3.pom (20 kB at 20 kB/s)
Downloading from central: https://repo.maven.apache.org/maven2/org/apache/pulsar/pulsar-bom/3.3.2/pulsar-bom-3.3.2.pom
Progress (1): 794 B
Progress (1): 2.4 kB
Progress (1): 4.5 kB
Progress (1): 14 kB 
Progress (1): 26 kB
                   
Downloaded from central: https://repo.maven.apache.org/maven2/org/apache/pulsar/pulsar-bom/3.3.2/pulsar-bom-3.3.2.pom (26 kB at 122 kB/s)
Downloading from central: https://repo.maven.apache.org/maven2/io/projectreactor/reactor-bom/2024.0.0/reactor-bom-2024.0.0.pom
Progress (1): 911 B
Progress (1): 4.5 kB
Progress (1): 4.8 kB
                    
Downloaded from central: https://repo.maven.apache.org/maven2/io/projectreactor/reactor-bom/2024.0.0/reactor-bom-2024.0.0.pom (4.8 kB at 39 kB/s)
Downloading from central: https://repo.maven.apache.org/maven2/org/springframework/amqp/spring-amqp-bom/3.2.0/spring-amqp-bom-3.2.0.pom
Progress (1): 967 B
Progress (1): 3.9 kB
                    
Downloaded from central: https://repo.maven.apache.org/maven2/org/springframework/amqp/spring-amqp-bom/3.2.0/spring-amqp-bom-3.2.0.pom (3.9 kB at 24 kB/s)
Downloading from central: https://repo.maven.apache.org/maven2/org/springframework/batch/spring-batch-bom/5.2.0/spring-batch-bom-5.2.0.pom
Progress (1): 1.2 kB
Progress (1): 3.2 kB
                    
Downloaded from central: https://repo.maven.apache.org/maven2/org/springframework/batch/spring-batch-bom/5.2.0/spring-batch-bom-5.2.0.pom (3.2 kB at 20 kB/s)
Downloading from central: https://repo.maven.apache.org/maven2/org/springframework/data/spring-data-bom/2024.1.0/spring-data-bom-2024.1.0.pom
Progress (1): 962 B
Progress (1): 2.5 kB
Progress (1): 5.5 kB
                    
Downloaded from central: https://repo.maven.apache.org/maven2/org/springframework/data/spring-data-bom/2024.1.0/spring-data-bom-2024.1.0.pom (5.5 kB at 8.8 kB/s)
Downloading from central: https://repo.maven.apache.org/maven2/org/springframework/spring-framework-bom/6.2.0/spring-framework-bom-6.2.0.pom
Progress (1): 978 B
Progress (1): 5.8 kB
                    
Downloaded from central: https://repo.maven.apache.org/maven2/org/springframework/spring-framework-bom/6.2.0/spring-framework-bom-6.2.0.pom (5.8 kB at 36 kB/s)
Downloading from central: https://repo.maven.apache.org/maven2/org/springframework/integration/spring-integration-bom/6.4.0/spring-integration-bom-6.4.0.pom
Progress (1): 962 B
Progress (1): 6.7 kB
Progress (1): 10 kB 
                   
Downloaded from central: https://repo.maven.apache.org/maven2/org/springframework/integration/spring-integration-bom/6.4.0/spring-integration-bom-6.4.0.pom (10 kB at 68 kB/s)
Downloading from central: https://repo.maven.apache.org/maven2/org/springframework/pulsar/spring-pulsar-bom/1.2.0/spring-pulsar-bom-1.2.0.pom
Progress (1): 959 B
Progress (1): 2.9 kB
                    
Downloaded from central: https://repo.maven.apache.org/maven2/org/springframework/pulsar/spring-pulsar-bom/1.2.0/spring-pulsar-bom-1.2.0.pom (2.9 kB at 19 kB/s)
Downloading from central: https://repo.maven.apache.org/maven2/org/springframework/security/spring-security-bom/6.4.1/spring-security-bom-6.4.1.pom
Progress (1): 973 B
Progress (1): 5.3 kB
                    
Downloaded from central: https://repo.maven.apache.org/maven2/org/springframework/security/spring-security-bom/6.4.1/spring-security-bom-6.4.1.pom (5.3 kB at 15 kB/s)
Downloading from central: https://repo.maven.apache.org/maven2/org/springframework/session/spring-session-bom/3.4.0/spring-session-bom-3.4.0.pom
Progress (1): 1.0 kB
Progress (1): 2.9 kB
                    
Downloaded from central: https://repo.maven.apache.org/maven2/org/springframework/session/spring-session-bom/3.4.0/spring-session-bom-3.4.0.pom (2.9 kB at 4.0 kB/s)
Downloading from central: https://repo.maven.apache.org/maven2/org/springdoc/springdoc-openapi-starter-webmvc-api/2.7.0/springdoc-openapi-starter-webmvc-api-2.7.0.pom
Progress (1): 1.6 kB
Progress (1): 1.8 kB
                    
Downloaded from central: https://repo.maven.apache.org/maven2/org/springdoc/springdoc-openapi-starter-webmvc-api/2.7.0/springdoc-openapi-starter-webmvc-api-2.7.0.pom (1.8 kB at 11 kB/s)
Downloading from central: https://repo.maven.apache.org/maven2/org/springdoc/springdoc-openapi-starter-common/2.7.0/springdoc-openapi-starter-common-2.7.0.pom
Progress (1): 1.8 kB
Progress (1): 4.4 kB
Progress (1): 4.7 kB
                    
Downloaded from central: https://repo.maven.apache.org/maven2/org/springdoc/springdoc-openapi-starter-common/2.7.0/springdoc-openapi-starter-common-2.7.0.pom (4.7 kB at 28 kB/s)
Downloading from central: https://repo.maven.apache.org/maven2/io/swagger/core/v3/swagger-core-jakarta/2.2.25/swagger-core-jakarta-2.2.25.pom
Progress (1): 1.8 kB
Progress (1): 5.6 kB
                    
Downloaded from central: https://repo.maven.apache.org/maven2/io/swagger/core/v3/swagger-core-jakarta/2.2.25/swagger-core-jakarta-2.2.25.pom (5.6 kB at 33 kB/s)
Downloading from central: https://repo.maven.apache.org/maven2/io/swagger/core/v3/swagger-project-jakarta/2.2.25/swagger-project-jakarta-2.2.25.pom
Progress (1): 1.3 kB
Progress (1): 3.4 kB
Progress (1): 6.0 kB
Progress (1): 11 kB 
Progress (1): 16 kB
Progress (1): 22 kB
Progress (1): 23 kB
                   
Downloaded from central: https://repo.maven.apache.org/maven2/io/swagger/core/v3/swagger-project-jakarta/2.2.25/swagger-project-jakarta-2.2.25.pom (23 kB at 55 kB/s)
Downloading from central: https://repo.maven.apache.org/maven2/io/swagger/core/v3/swagger-annotations-jakarta/2.2.25/swagger-annotations-jakarta-2.2.25.pom
Progress (1): 1.9 kB
Progress (1): 3.3 kB
                    
Downloaded from central: https://repo.maven.apache.org/maven2/io/swagger/core/v3/swagger-annotations-jakarta/2.2.25/swagger-annotations-jakarta-2.2.25.pom (3.3 kB at 21 kB/s)
Downloading from central: https://repo.maven.apache.org/maven2/io/swagger/core/v3/swagger-models-jakarta/2.2.25/swagger-models-jakarta-2.2.25.pom
Progress (1): 2.1 kB
Progress (1): 3.4 kB
                    
Downloaded from central: https://repo.maven.apache.org/maven2/io/swagger/core/v3/swagger-models-jakarta/2.2.25/swagger-models-jakarta-2.2.25.pom (3.4 kB at 22 kB/s)
Downloading from central: https://repo.maven.apache.org/maven2/org/webjars/swagger-ui/5.18.2/swagger-ui-5.18.2.pom
Progress (1): 1.5 kB
Progress (1): 1.5 kB
                    
Downloaded from central: https://repo.maven.apache.org/maven2/org/webjars/swagger-ui/5.18.2/swagger-ui-5.18.2.pom (1.5 kB at 8.8 kB/s)
Downloading from central: https://repo.maven.apache.org/maven2/org/webjars/webjars-locator-lite/1.0.1/webjars-locator-lite-1.0.1.pom
Progress (1): 1.4 kB
Progress (1): 4.6 kB
Progress (1): 6.1 kB
                    
Downloaded from central: https://repo.maven.apache.org/maven2/org/webjars/webjars-locator-lite/1.0.1/webjars-locator-lite-1.0.1.pom (6.1 kB at 18 kB/s)
Downloading from central: https://repo.maven.apache.org/maven2/org/springdoc/springdoc-openapi-starter-webmvc-ui/2.7.0/springdoc-openapi-starter-webmvc-ui-2.7.0.jar
Downloading from central: https://repo.maven.apache.org/maven2/org/springdoc/springdoc-openapi-starter-webmvc-api/2.7.0/springdoc-openapi-starter-webmvc-api-2.7.0.jar
Downloading from central: https://repo.maven.apache.org/maven2/io/swagger/core/v3/swagger-annotations-jakarta/2.2.25/swagger-annotations-jakarta-2.2.25.jar
Downloading from central: https://repo.maven.apache.org/maven2/io/swagger/core/v3/swagger-core-jakarta/2.2.25/swagger-core-jakarta-2.2.25.jar
Downloading from central: https://repo.maven.apache.org/maven2/org/springdoc/springdoc-openapi-starter-common/2.7.0/springdoc-openapi-starter-common-2.7.0.jar
Progress (1): 7.7/23 kB
Progress (1): 16/23 kB 
Progress (2): 16/23 kB | 0.9/42 kB
Progress (2): 16/23 kB | 2.3/42 kB
Progress (2): 23 kB | 2.3/42 kB   
                               
Downloaded from central: https://repo.maven.apache.org/maven2/org/springdoc/springdoc-openapi-starter-webmvc-ui/2.7.0/springdoc-openapi-starter-webmvc-ui-2.7.0.jar (23 kB at 59 kB/s)
Downloading from central: https://repo.maven.apache.org/maven2/io/swagger/core/v3/swagger-models-jakarta/2.2.25/swagger-models-jakarta-2.2.25.jar
Progress (1): 3.6/42 kB
Progress (1): 5.0/42 kB
Progress (2): 5.0/42 kB | 7.7/137 kB
Progress (2): 5.0/42 kB | 12/137 kB 
Progress (2): 5.0/42 kB | 28/137 kB
Progress (2): 5.0/42 kB | 44/137 kB
Progress (2): 5.0/42 kB | 61/137 kB
Progress (2): 5.0/42 kB | 77/137 kB
Progress (2): 6.4/42 kB | 77/137 kB
Progress (2): 7.7/42 kB | 77/137 kB
Progress (2): 9.1/42 kB | 77/137 kB
Progress (2): 10/42 kB | 77/137 kB 
Progress (2): 12/42 kB | 77/137 kB
Progress (2): 13/42 kB | 77/137 kB
Progress (2): 15/42 kB | 77/137 kB
Progress (2): 16/42 kB | 77/137 kB
Progress (2): 17/42 kB | 77/137 kB
Progress (2): 19/42 kB | 77/137 kB
Progress (2): 20/42 kB | 77/137 kB
Progress (2): 21/42 kB | 77/137 kB
Progress (2): 23/42 kB | 77/137 kB
Progress (2): 24/42 kB | 77/137 kB
Progress (2): 26/42 kB | 77/137 kB
Progress (2): 27/42 kB | 77/137 kB
Progress (2): 28/42 kB | 77/137 kB
Progress (2): 30/42 kB | 77/137 kB
Progress (2): 31/42 kB | 77/137 kB
Progress (2): 32/42 kB | 77/137 kB
Progress (2): 34/42 kB | 77/137 kB
Progress (2): 35/42 kB | 77/137 kB
Progress (2): 36/42 kB | 77/137 kB
Progress (2): 38/42 kB | 77/137 kB
Progress (2): 39/42 kB | 77/137 kB
Progress (2): 41/42 kB | 77/137 kB
Progress (2): 42/42 kB | 77/137 kB
Progress (2): 42 kB | 77/137 kB   
                               
Downloaded from central: https://repo.maven.apache.org/maven2/org/springdoc/springdoc-openapi-starter-webmvc-api/2.7.0/springdoc-openapi-starter-webmvc-api-2.7.0.jar (42 kB at 43 kB/s)
Downloading from central: https://repo.maven.apache.org/maven2/org/webjars/swagger-ui/5.18.2/swagger-ui-5.18.2.jar
Progress (1): 93/137 kB
Progress (1): 110/137 kB
Progress (1): 126/137 kB
Progress (1): 137 kB    
                    
Downloaded from central: https://repo.maven.apache.org/maven2/io/swagger/core/v3/swagger-models-jakarta/2.2.25/swagger-models-jakarta-2.2.25.jar (137 kB at 132 kB/s)
Downloading from central: https://repo.maven.apache.org/maven2/org/webjars/webjars-locator-lite/1.0.1/webjars-locator-lite-1.0.1.jar
Progress (1): 0.9/49 kB
Progress (1): 2.3/49 kB
Progress (1): 3.6/49 kB
Progress (1): 5.0/49 kB
Progress (2): 5.0/49 kB | 0.9/236 kB
Progress (2): 6.4/49 kB | 0.9/236 kB
Progress (2): 7.7/49 kB | 0.9/236 kB
Progress (2): 7.7/49 kB | 2.3/236 kB
Progress (2): 7.7/49 kB | 3.6/236 kB
Progress (2): 7.7/49 kB | 5.0/236 kB
Progress (3): 7.7/49 kB | 5.0/236 kB | 0/3.1 MB
Progress (3): 7.7/49 kB | 5.0/236 kB | 0/3.1 MB
Progress (3): 7.7/49 kB | 5.0/236 kB | 0/3.1 MB
Progress (3): 7.7/49 kB | 5.0/236 kB | 0/3.1 MB
Progress (3): 7.7/49 kB | 5.0/236 kB | 0/3.1 MB
Progress (3): 7.7/49 kB | 5.0/236 kB | 0/3.1 MB
Progress (3): 7.7/49 kB | 5.0/236 kB | 0/3.1 MB
Progress (3): 7.7/49 kB | 5.0/236 kB | 0/3.1 MB
Progress (3): 7.7/49 kB | 5.0/236 kB | 0/3.1 MB
Progress (3): 7.7/49 kB | 5.0/236 kB | 0/3.1 MB
Progress (3): 7.7/49 kB | 5.0/236 kB | 0/3.1 MB
Progress (3): 7.7/49 kB | 5.0/236 kB | 0/3.1 MB
Progress (3): 7.7/49 kB | 5.0/236 kB | 0/3.1 MB
Progress (3): 7.7/49 kB | 5.0/236 kB | 0/3.1 MB
Progress (3): 7.7/49 kB | 5.0/236 kB | 0/3.1 MB
Progress (4): 7.7/49 kB | 5.0/236 kB | 0/3.1 MB | 7.7/8.1 kB
Progress (4): 7.7/49 kB | 5.0/236 kB | 0/3.1 MB | 8.1 kB    
                                                        
Downloaded from central: https://repo.maven.apache.org/maven2/org/webjars/webjars-locator-lite/1.0.1/webjars-locator-lite-1.0.1.jar (8.1 kB at 6.2 kB/s)
Progress (3): 7.7/49 kB | 6.4/236 kB | 0/3.1 MB
Progress (3): 7.7/49 kB | 6.4/236 kB | 0/3.1 MB
Progress (3): 7.7/49 kB | 6.4/236 kB | 0/3.1 MB
Progress (3): 7.7/49 kB | 6.4/236 kB | 0/3.1 MB
Progress (3): 7.7/49 kB | 6.4/236 kB | 0.1/3.1 MB
Progress (3): 7.7/49 kB | 6.4/236 kB | 0.1/3.1 MB
Progress (3): 7.7/49 kB | 6.4/236 kB | 0.1/3.1 MB
Progress (3): 7.7/49 kB | 6.4/236 kB | 0.1/3.1 MB
Progress (3): 7.7/49 kB | 6.4/236 kB | 0.1/3.1 MB
Progress (3): 7.7/49 kB | 6.4/236 kB | 0.1/3.1 MB
Progress (3): 7.7/49 kB | 6.4/236 kB | 0.1/3.1 MB
Progress (3): 7.7/49 kB | 6.4/236 kB | 0.1/3.1 MB
Progress (3): 7.7/49 kB | 6.4/236 kB | 0.1/3.1 MB
Progress (3): 9.1/49 kB | 6.4/236 kB | 0.1/3.1 MB
Progress (3): 10/49 kB | 6.4/236 kB | 0.1/3.1 MB 
Progress (3): 12/49 kB | 6.4/236 kB | 0.1/3.1 MB
Progress (3): 13/49 kB | 6.4/236 kB | 0.1/3.1 MB
Progress (3): 15/49 kB | 6.4/236 kB | 0.1/3.1 MB
Progress (3): 16/49 kB | 6.4/236 kB | 0.1/3.1 MB
Progress (3): 17/49 kB | 6.4/236 kB | 0.1/3.1 MB
Progress (3): 19/49 kB | 6.4/236 kB | 0.1/3.1 MB
Progress (3): 20/49 kB | 6.4/236 kB | 0.1/3.1 MB
Progress (3): 21/49 kB | 6.4/236 kB | 0.1/3.1 MB
Progress (3): 23/49 kB | 6.4/236 kB | 0.1/3.1 MB
Progress (3): 24/49 kB | 6.4/236 kB | 0.1/3.1 MB
Progress (3): 26/49 kB | 6.4/236 kB | 0.1/3.1 MB
Progress (3): 27/49 kB | 6.4/236 kB | 0.1/3.1 MB
Progress (3): 28/49 kB | 6.4/236 kB | 0.1/3.1 MB
Progress (3): 30/49 kB | 6.4/236 kB | 0.1/3.1 MB
Progress (3): 31/49 kB | 6.4/236 kB | 0.1/3.1 MB
Progress (3): 32/49 kB | 6.4/236 kB | 0.1/3.1 MB
Progress (3): 33/49 kB | 6.4/236 kB | 0.1/3.1 MB
Progress (3): 35/49 kB | 6.4/236 kB | 0.1/3.1 MB
Progress (3): 36/49 kB | 6.4/236 kB | 0.1/3.1 MB
Progress (3): 38/49 kB | 6.4/236 kB | 0.1/3.1 MB
Progress (3): 39/49 kB | 6.4/236 kB | 0.1/3.1 MB
Progress (3): 40/49 kB | 6.4/236 kB | 0.1/3.1 MB
Progress (3): 42/49 kB | 6.4/236 kB | 0.1/3.1 MB
Progress (3): 43/49 kB | 6.4/236 kB | 0.1/3.1 MB
Progress (3): 44/49 kB | 6.4/236 kB | 0.1/3.1 MB
Progress (3): 46/49 kB | 6.4/236 kB | 0.1/3.1 MB
Progress (3): 47/49 kB | 6.4/236 kB | 0.1/3.1 MB
Progress (3): 48/49 kB | 6.4/236 kB | 0.1/3.1 MB
Progress (3): 48/49 kB | 6.4/236 kB | 0.1/3.1 MB
Progress (3): 48/49 kB | 6.4/236 kB | 0.1/3.1 MB
Progress (3): 48/49 kB | 6.4/236 kB | 0.1/3.1 MB
Progress (3): 48/49 kB | 6.4/236 kB | 0.1/3.1 MB
Progress (3): 48/49 kB | 6.4/236 kB | 0.1/3.1 MB
Progress (3): 48/49 kB | 6.4/236 kB | 0.1/3.1 MB
Progress (3): 48/49 kB | 6.4/236 kB | 0.1/3.1 MB
Progress (3): 48/49 kB | 6.4/236 kB | 0.1/3.1 MB
Progress (3): 48/49 kB | 6.4/236 kB | 0.1/3.1 MB
Progress (3): 48/49 kB | 6.4/236 kB | 0.1/3.1 MB
Progress (3): 48/49 kB | 6.4/236 kB | 0.1/3.1 MB
Progress (3): 48/49 kB | 6.4/236 kB | 0.1/3.1 MB
Progress (3): 48/49 kB | 6.4/236 kB | 0.1/3.1 MB
Progress (3): 48/49 kB | 6.4/236 kB | 0.1/3.1 MB
Progress (3): 48/49 kB | 6.4/236 kB | 0.2/3.1 MB
Progress (3): 48/49 kB | 6.4/236 kB | 0.2/3.1 MB
Progress (3): 48/49 kB | 6.4/236 kB | 0.2/3.1 MB
Progress (3): 48/49 kB | 6.4/236 kB | 0.2/3.1 MB
Progress (3): 48/49 kB | 6.4/236 kB | 0.2/3.1 MB
Progress (3): 48/49 kB | 6.4/236 kB | 0.2/3.1 MB
Progress (3): 48/49 kB | 6.4/236 kB | 0.2/3.1 MB
Progress (3): 48/49 kB | 6.4/236 kB | 0.2/3.1 MB
Progress (3): 48/49 kB | 6.4/236 kB | 0.2/3.1 MB
Progress (3): 48/49 kB | 7.7/236 kB | 0.2/3.1 MB
Progress (3): 48/49 kB | 9.1/236 kB | 0.2/3.1 MB
Progress (3): 48/49 kB | 10/236 kB | 0.2/3.1 MB 
Progress (3): 48/49 kB | 12/236 kB | 0.2/3.1 MB
Progress (3): 48/49 kB | 12/236 kB | 0.2/3.1 MB
Progress (3): 48/49 kB | 14/236 kB | 0.2/3.1 MB
Progress (3): 48/49 kB | 15/236 kB | 0.2/3.1 MB
Progress (3): 48/49 kB | 16/236 kB | 0.2/3.1 MB
Progress (3): 48/49 kB | 18/236 kB | 0.2/3.1 MB
Progress (3): 48/49 kB | 19/236 kB | 0.2/3.1 MB
Progress (3): 48/49 kB | 21/236 kB | 0.2/3.1 MB
Progress (3): 48/49 kB | 22/236 kB | 0.2/3.1 MB
Progress (3): 48/49 kB | 23/236 kB | 0.2/3.1 MB
Progress (3): 48/49 kB | 25/236 kB | 0.2/3.1 MB
Progress (3): 48/49 kB | 26/236 kB | 0.2/3.1 MB
Progress (3): 48/49 kB | 27/236 kB | 0.2/3.1 MB
Progress (3): 48/49 kB | 29/236 kB | 0.2/3.1 MB
Progress (3): 48/49 kB | 30/236 kB | 0.2/3.1 MB
Progress (3): 48/49 kB | 31/236 kB | 0.2/3.1 MB
Progress (3): 48/49 kB | 33/236 kB | 0.2/3.1 MB
Progress (3): 48/49 kB | 34/236 kB | 0.2/3.1 MB
Progress (3): 48/49 kB | 36/236 kB | 0.2/3.1 MB
Progress (3): 48/49 kB | 37/236 kB | 0.2/3.1 MB
Progress (3): 48/49 kB | 38/236 kB | 0.2/3.1 MB
Progress (3): 48/49 kB | 40/236 kB | 0.2/3.1 MB
Progress (3): 48/49 kB | 41/236 kB | 0.2/3.1 MB
Progress (3): 48/49 kB | 42/236 kB | 0.2/3.1 MB
Progress (3): 48/49 kB | 44/236 kB | 0.2/3.1 MB
Progress (3): 48/49 kB | 45/236 kB | 0.2/3.1 MB
Progress (3): 48/49 kB | 47/236 kB | 0.2/3.1 MB
Progress (3): 48/49 kB | 48/236 kB | 0.2/3.1 MB
Progress (3): 48/49 kB | 49/236 kB | 0.2/3.1 MB
Progress (3): 48/49 kB | 51/236 kB | 0.2/3.1 MB
Progress (3): 48/49 kB | 52/236 kB | 0.2/3.1 MB
Progress (3): 48/49 kB | 53/236 kB | 0.2/3.1 MB
Progress (3): 48/49 kB | 55/236 kB | 0.2/3.1 MB
Progress (3): 48/49 kB | 59/236 kB | 0.2/3.1 MB
Progress (3): 48/49 kB | 63/236 kB | 0.2/3.1 MB
Progress (3): 48/49 kB | 67/236 kB | 0.2/3.1 MB
Progress (3): 48/49 kB | 72/236 kB | 0.2/3.1 MB
Progress (3): 48/49 kB | 76/236 kB | 0.2/3.1 MB
Progress (3): 48/49 kB | 80/236 kB | 0.2/3.1 MB
Progress (3): 48/49 kB | 84/236 kB | 0.2/3.1 MB
Progress (3): 48/49 kB | 89/236 kB | 0.2/3.1 MB
Progress (3): 48/49 kB | 93/236 kB | 0.2/3.1 MB
Progress (3): 48/49 kB | 97/236 kB | 0.2/3.1 MB
Progress (3): 48/49 kB | 101/236 kB | 0.2/3.1 MB
Progress (3): 48/49 kB | 105/236 kB | 0.2/3.1 MB
Progress (3): 48/49 kB | 110/236 kB | 0.2/3.1 MB
Progress (3): 48/49 kB | 114/236 kB | 0.2/3.1 MB
Progress (3): 49 kB | 114/236 kB | 0.2/3.1 MB   
                                             
Downloaded from central: https://repo.maven.apache.org/maven2/io/swagger/core/v3/swagger-annotations-jakarta/2.2.25/swagger-annotations-jakarta-2.2.25.jar (49 kB at 29 kB/s)
Progress (2): 114/236 kB | 0.2/3.1 MB
Progress (2): 114/236 kB | 0.2/3.1 MB
Progress (2): 114/236 kB | 0.2/3.1 MB
Progress (2): 114/236 kB | 0.3/3.1 MB
Progress (2): 118/236 kB | 0.3/3.1 MB
Progress (2): 122/236 kB | 0.3/3.1 MB
Progress (2): 127/236 kB | 0.3/3.1 MB
Progress (2): 127/236 kB | 0.3/3.1 MB
Progress (2): 131/236 kB | 0.3/3.1 MB
Progress (2): 135/236 kB | 0.3/3.1 MB
Progress (2): 135/236 kB | 0.3/3.1 MB
Progress (2): 135/236 kB | 0.3/3.1 MB
Progress (2): 135/236 kB | 0.3/3.1 MB
Progress (2): 135/236 kB | 0.3/3.1 MB
Progress (2): 135/236 kB | 0.3/3.1 MB
Progress (2): 135/236 kB | 0.4/3.1 MB
Progress (2): 135/236 kB | 0.4/3.1 MB
Progress (2): 135/236 kB | 0.4/3.1 MB
Progress (2): 135/236 kB | 0.4/3.1 MB
Progress (2): 140/236 kB | 0.4/3.1 MB
Progress (2): 144/236 kB | 0.4/3.1 MB
Progress (2): 148/236 kB | 0.4/3.1 MB
Progress (2): 152/236 kB | 0.4/3.1 MB
Progress (2): 157/236 kB | 0.4/3.1 MB
Progress (2): 161/236 kB | 0.4/3.1 MB
Progress (2): 165/236 kB | 0.4/3.1 MB
Progress (2): 169/236 kB | 0.4/3.1 MB
Progress (2): 173/236 kB | 0.4/3.1 MB
Progress (2): 178/236 kB | 0.4/3.1 MB
Progress (2): 182/236 kB | 0.4/3.1 MB
Progress (2): 186/236 kB | 0.4/3.1 MB
Progress (2): 190/236 kB | 0.4/3.1 MB
Progress (2): 195/236 kB | 0.4/3.1 MB
Progress (2): 195/236 kB | 0.4/3.1 MB
Progress (2): 195/236 kB | 0.4/3.1 MB
Progress (2): 199/236 kB | 0.4/3.1 MB
Progress (2): 203/236 kB | 0.4/3.1 MB
Progress (2): 207/236 kB | 0.4/3.1 MB
Progress (2): 212/236 kB | 0.4/3.1 MB
Progress (2): 216/236 kB | 0.4/3.1 MB
Progress (2): 220/236 kB | 0.4/3.1 MB
Progress (2): 236 kB | 0.4/3.1 MB    
                                 
Downloaded from central: https://repo.maven.apache.org/maven2/io/swagger/core/v3/swagger-core-jakarta/2.2.25/swagger-core-jakarta-2.2.25.jar (236 kB at 92 kB/s)
Progress (1): 0.5/3.1 MB
Progress (1): 0.5/3.1 MB
Progress (1): 0.5/3.1 MB
Progress (1): 0.5/3.1 MB
Progress (1): 0.5/3.1 MB
Progress (1): 0.5/3.1 MB
Progress (1): 0.5/3.1 MB
Progress (1): 0.6/3.1 MB
Progress (1): 0.6/3.1 MB
Progress (1): 0.6/3.1 MB
Progress (1): 0.6/3.1 MB
Progress (1): 0.6/3.1 MB
Progress (1): 0.6/3.1 MB
Progress (1): 0.7/3.1 MB
Progress (1): 0.7/3.1 MB
Progress (1): 0.7/3.1 MB
Progress (1): 0.7/3.1 MB
Progress (1): 0.7/3.1 MB
Progress (1): 0.7/3.1 MB
Progress (1): 0.8/3.1 MB
Progress (1): 0.8/3.1 MB
Progress (1): 0.8/3.1 MB
Progress (1): 0.8/3.1 MB
Progress (1): 0.8/3.1 MB
Progress (1): 0.8/3.1 MB
Progress (1): 0.9/3.1 MB
Progress (1): 0.9/3.1 MB
Progress (1): 0.9/3.1 MB
Progress (1): 0.9/3.1 MB
Progress (1): 0.9/3.1 MB
Progress (1): 0.9/3.1 MB
Progress (1): 1.0/3.1 MB
Progress (2): 1.0/3.1 MB | 0.9/500 kB
Progress (2): 1.0/3.1 MB | 2.3/500 kB
Progress (2): 1.0/3.1 MB | 2.3/500 kB
Progress (2): 1.0/3.1 MB | 3.6/500 kB
Progress (2): 1.0/3.1 MB | 5.0/500 kB
Progress (2): 1.0/3.1 MB | 6.4/500 kB
Progress (2): 1.0/3.1 MB | 6.4/500 kB
Progress (2): 1.0/3.1 MB | 7.7/500 kB
Progress (2): 1.0/3.1 MB | 9.1/500 kB
Progress (2): 1.0/3.1 MB | 10/500 kB 
Progress (2): 1.0/3.1 MB | 10/500 kB
Progress (2): 1.0/3.1 MB | 12/500 kB
Progress (2): 1.0/3.1 MB | 12/500 kB
Progress (2): 1.0/3.1 MB | 12/500 kB
Progress (2): 1.0/3.1 MB | 14/500 kB
Progress (2): 1.0/3.1 MB | 14/500 kB
Progress (2): 1.1/3.1 MB | 14/500 kB
Progress (2): 1.1/3.1 MB | 14/500 kB
Progress (2): 1.1/3.1 MB | 14/500 kB
Progress (2): 1.1/3.1 MB | 15/500 kB
Progress (2): 1.1/3.1 MB | 15/500 kB
Progress (2): 1.1/3.1 MB | 16/500 kB
Progress (2): 1.1/3.1 MB | 18/500 kB
Progress (2): 1.1/3.1 MB | 18/500 kB
Progress (2): 1.1/3.1 MB | 18/500 kB
Progress (2): 1.1/3.1 MB | 19/500 kB
Progress (2): 1.1/3.1 MB | 21/500 kB
Progress (2): 1.2/3.1 MB | 21/500 kB
Progress (2): 1.2/3.1 MB | 22/500 kB
Progress (2): 1.2/3.1 MB | 23/500 kB
Progress (2): 1.2/3.1 MB | 25/500 kB
Progress (2): 1.2/3.1 MB | 26/500 kB
Progress (2): 1.2/3.1 MB | 27/500 kB
Progress (2): 1.2/3.1 MB | 29/500 kB
Progress (2): 1.2/3.1 MB | 30/500 kB
Progress (2): 1.2/3.1 MB | 30/500 kB
Progress (2): 1.2/3.1 MB | 31/500 kB
Progress (2): 1.2/3.1 MB | 33/500 kB
Progress (2): 1.2/3.1 MB | 34/500 kB
Progress (2): 1.2/3.1 MB | 36/500 kB
Progress (2): 1.2/3.1 MB | 37/500 kB
Progress (2): 1.2/3.1 MB | 38/500 kB
Progress (2): 1.2/3.1 MB | 38/500 kB
Progress (2): 1.2/3.1 MB | 38/500 kB
Progress (2): 1.2/3.1 MB | 38/500 kB
Progress (2): 1.2/3.1 MB | 38/500 kB
Progress (2): 1.3/3.1 MB | 38/500 kB
Progress (2): 1.3/3.1 MB | 40/500 kB
Progress (2): 1.3/3.1 MB | 41/500 kB
Progress (2): 1.3/3.1 MB | 42/500 kB
Progress (2): 1.3/3.1 MB | 44/500 kB
Progress (2): 1.3/3.1 MB | 45/500 kB
Progress (2): 1.3/3.1 MB | 47/500 kB
Progress (2): 1.3/3.1 MB | 48/500 kB
Progress (2): 1.3/3.1 MB | 49/500 kB
Progress (2): 1.3/3.1 MB | 51/500 kB
Progress (2): 1.3/3.1 MB | 52/500 kB
Progress (2): 1.3/3.1 MB | 53/500 kB
Progress (2): 1.3/3.1 MB | 55/500 kB
Progress (2): 1.3/3.1 MB | 59/500 kB
Progress (2): 1.3/3.1 MB | 63/500 kB
Progress (2): 1.3/3.1 MB | 67/500 kB
Progress (2): 1.3/3.1 MB | 72/500 kB
Progress (2): 1.3/3.1 MB | 72/500 kB
Progress (2): 1.3/3.1 MB | 72/500 kB
Progress (2): 1.3/3.1 MB | 72/500 kB
Progress (2): 1.3/3.1 MB | 72/500 kB
Progress (2): 1.3/3.1 MB | 72/500 kB
Progress (2): 1.4/3.1 MB | 72/500 kB
Progress (2): 1.4/3.1 MB | 72/500 kB
Progress (2): 1.4/3.1 MB | 72/500 kB
Progress (2): 1.4/3.1 MB | 72/500 kB
Progress (2): 1.4/3.1 MB | 72/500 kB
Progress (2): 1.4/3.1 MB | 76/500 kB
Progress (2): 1.4/3.1 MB | 80/500 kB
Progress (2): 1.4/3.1 MB | 84/500 kB
Progress (2): 1.4/3.1 MB | 89/500 kB
Progress (2): 1.4/3.1 MB | 93/500 kB
Progress (2): 1.4/3.1 MB | 97/500 kB
Progress (2): 1.4/3.1 MB | 101/500 kB
Progress (2): 1.4/3.1 MB | 105/500 kB
Progress (2): 1.4/3.1 MB | 110/500 kB
Progress (2): 1.4/3.1 MB | 114/500 kB
Progress (2): 1.4/3.1 MB | 118/500 kB
Progress (2): 1.4/3.1 MB | 122/500 kB
Progress (2): 1.4/3.1 MB | 127/500 kB
Progress (2): 1.4/3.1 MB | 131/500 kB
Progress (2): 1.4/3.1 MB | 135/500 kB
Progress (2): 1.4/3.1 MB | 139/500 kB
Progress (2): 1.4/3.1 MB | 143/500 kB
Progress (2): 1.4/3.1 MB | 143/500 kB
Progress (2): 1.4/3.1 MB | 148/500 kB
Progress (2): 1.4/3.1 MB | 152/500 kB
Progress (2): 1.4/3.1 MB | 156/500 kB
Progress (2): 1.4/3.1 MB | 156/500 kB
Progress (2): 1.4/3.1 MB | 160/500 kB
Progress (2): 1.4/3.1 MB | 165/500 kB
Progress (2): 1.4/3.1 MB | 169/500 kB
Progress (2): 1.4/3.1 MB | 173/500 kB
Progress (2): 1.4/3.1 MB | 177/500 kB
Progress (2): 1.4/3.1 MB | 181/500 kB
Progress (2): 1.4/3.1 MB | 186/500 kB
Progress (2): 1.4/3.1 MB | 190/500 kB
Progress (2): 1.4/3.1 MB | 194/500 kB
Progress (2): 1.4/3.1 MB | 198/500 kB
Progress (2): 1.4/3.1 MB | 203/500 kB
Progress (2): 1.4/3.1 MB | 207/500 kB
Progress (2): 1.4/3.1 MB | 211/500 kB
Progress (2): 1.4/3.1 MB | 215/500 kB
Progress (2): 1.4/3.1 MB | 219/500 kB
Progress (2): 1.4/3.1 MB | 224/500 kB
Progress (2): 1.5/3.1 MB | 224/500 kB
Progress (2): 1.5/3.1 MB | 240/500 kB
Progress (2): 1.5/3.1 MB | 240/500 kB
Progress (2): 1.5/3.1 MB | 256/500 kB
Progress (2): 1.5/3.1 MB | 256/500 kB
Progress (2): 1.5/3.1 MB | 256/500 kB
Progress (2): 1.5/3.1 MB | 256/500 kB
Progress (2): 1.5/3.1 MB | 256/500 kB
Progress (2): 1.6/3.1 MB | 256/500 kB
Progress (2): 1.6/3.1 MB | 273/500 kB
Progress (2): 1.6/3.1 MB | 274/500 kB
Progress (2): 1.6/3.1 MB | 291/500 kB
Progress (2): 1.6/3.1 MB | 291/500 kB
Progress (2): 1.6/3.1 MB | 307/500 kB
Progress (2): 1.6/3.1 MB | 307/500 kB
Progress (2): 1.6/3.1 MB | 324/500 kB
Progress (2): 1.6/3.1 MB | 340/500 kB
Progress (2): 1.6/3.1 MB | 356/500 kB
Progress (2): 1.6/3.1 MB | 373/500 kB
Progress (2): 1.6/3.1 MB | 389/500 kB
Progress (2): 1.6/3.1 MB | 389/500 kB
Progress (2): 1.6/3.1 MB | 389/500 kB
Progress (2): 1.6/3.1 MB | 389/500 kB
Progress (2): 1.7/3.1 MB | 389/500 kB
Progress (2): 1.7/3.1 MB | 389/500 kB
Progress (2): 1.7/3.1 MB | 389/500 kB
Progress (2): 1.7/3.1 MB | 389/500 kB
Progress (2): 1.7/3.1 MB | 389/500 kB
Progress (2): 1.7/3.1 MB | 406/500 kB
Progress (2): 1.7/3.1 MB | 406/500 kB
Progress (2): 1.8/3.1 MB | 406/500 kB
Progress (2): 1.8/3.1 MB | 406/500 kB
Progress (2): 1.8/3.1 MB | 406/500 kB
Progress (2): 1.8/3.1 MB | 406/500 kB
Progress (2): 1.8/3.1 MB | 406/500 kB
Progress (2): 1.8/3.1 MB | 406/500 kB
Progress (2): 1.9/3.1 MB | 406/500 kB
Progress (2): 1.9/3.1 MB | 406/500 kB
Progress (2): 1.9/3.1 MB | 422/500 kB
Progress (2): 1.9/3.1 MB | 422/500 kB
Progress (2): 1.9/3.1 MB | 438/500 kB
Progress (2): 1.9/3.1 MB | 455/500 kB
Progress (2): 1.9/3.1 MB | 455/500 kB
Progress (2): 1.9/3.1 MB | 471/500 kB
Progress (2): 1.9/3.1 MB | 471/500 kB
Progress (2): 1.9/3.1 MB | 487/500 kB
Progress (2): 1.9/3.1 MB | 500 kB    
                                 
Downloaded from central: https://repo.maven.apache.org/maven2/org/springdoc/springdoc-openapi-starter-common/2.7.0/springdoc-openapi-starter-common-2.7.0.jar (500 kB at 84 kB/s)
Progress (1): 1.9/3.1 MB
Progress (1): 2.0/3.1 MB
Progress (1): 2.0/3.1 MB
Progress (1): 2.0/3.1 MB
Progress (1): 2.0/3.1 MB
Progress (1): 2.0/3.1 MB
Progress (1): 2.0/3.1 MB
Progress (1): 2.1/3.1 MB
Progress (1): 2.1/3.1 MB
Progress (1): 2.1/3.1 MB
Progress (1): 2.1/3.1 MB
Progress (1): 2.1/3.1 MB
Progress (1): 2.1/3.1 MB
Progress (1): 2.2/3.1 MB
Progress (1): 2.2/3.1 MB
Progress (1): 2.2/3.1 MB
Progress (1): 2.2/3.1 MB
Progress (1): 2.2/3.1 MB
Progress (1): 2.2/3.1 MB
Progress (1): 2.3/3.1 MB
Progress (1): 2.3/3.1 MB
Progress (1): 2.3/3.1 MB
Progress (1): 2.3/3.1 MB
Progress (1): 2.3/3.1 MB
Progress (1): 2.3/3.1 MB
Progress (1): 2.4/3.1 MB
Progress (1): 2.4/3.1 MB
Progress (1): 2.4/3.1 MB
Progress (1): 2.4/3.1 MB
Progress (1): 2.4/3.1 MB
Progress (1): 2.4/3.1 MB
Progress (1): 2.4/3.1 MB
Progress (1): 2.5/3.1 MB
Progress (1): 2.5/3.1 MB
Progress (1): 2.5/3.1 MB
Progress (1): 2.5/3.1 MB
Progress (1): 2.5/3.1 MB
Progress (1): 2.5/3.1 MB
Progress (1): 2.6/3.1 MB
Progress (1): 2.6/3.1 MB
Progress (1): 2.6/3.1 MB
Progress (1): 2.6/3.1 MB
Progress (1): 2.6/3.1 MB
Progress (1): 2.6/3.1 MB
Progress (1): 2.7/3.1 MB
Progress (1): 2.7/3.1 MB
Progress (1): 2.7/3.1 MB
Progress (1): 2.7/3.1 MB
Progress (1): 2.7/3.1 MB
Progress (1): 2.7/3.1 MB
Progress (1): 2.8/3.1 MB
Progress (1): 2.8/3.1 MB
Progress (1): 2.8/3.1 MB
Progress (1): 2.8/3.1 MB
Progress (1): 2.8/3.1 MB
Progress (1): 2.8/3.1 MB
Progress (1): 2.9/3.1 MB
Progress (1): 2.9/3.1 MB
Progress (1): 2.9/3.1 MB
Progress (1): 2.9/3.1 MB
Progress (1): 2.9/3.1 MB
Progress (1): 2.9/3.1 MB
Progress (1): 3.0/3.1 MB
Progress (1): 3.0/3.1 MB
Progress (1): 3.0/3.1 MB
Progress (1): 3.0/3.1 MB
Progress (1): 3.0/3.1 MB
Progress (1): 3.0/3.1 MB
Progress (1): 3.1/3.1 MB
Progress (1): 3.1/3.1 MB
Progress (1): 3.1/3.1 MB
Progress (1): 3.1/3.1 MB
Progress (1): 3.1 MB    
                    
Downloaded from central: https://repo.maven.apache.org/maven2/org/webjars/swagger-ui/5.18.2/swagger-ui-5.18.2.jar (3.1 MB at 364 kB/s)
[INFO] 
[INFO] --- resources:3.3.1:resources (default-resources) @ VaultPay ---
[INFO] Copying 2 resources from src\main\resources to target\classes
[INFO] Copying 0 resource from src\main\resources to target\classes
[INFO] 
[INFO] --- compiler:3.13.0:compile (default-compile) @ VaultPay ---
[INFO] Recompiling the module because of changed dependency.
[INFO] Compiling 49 source files with javac [debug parameters release 21] to target\classes
[INFO] /C:/Users/HP/Downloads/VaultPay/VaultPay/src/main/java/com/vaultpay/security/RateLimitFilter.java: C:\Users\HP\Downloads\VaultPay\VaultPay\src\main\java\com\vaultpay\security\RateLimitFilter.java uses or overrides a deprecated API.
[INFO] /C:/Users/HP/Downloads/VaultPay/VaultPay/src/main/java/com/vaultpay/security/RateLimitFilter.java: Recompile with -Xlint:deprecation for details.
[INFO] 
[INFO] --- resources:3.3.1:testResources (default-testResources) @ VaultPay ---
[INFO] skip non existing resourceDirectory C:\Users\HP\Downloads\VaultPay\VaultPay\src\test\resources
[INFO] 
[INFO] --- compiler:3.13.0:testCompile (default-testCompile) @ VaultPay ---
[INFO] Recompiling the module because of changed dependency.
[INFO] Compiling 1 source file with javac [debug parameters release 21] to target\test-classes
[INFO] 
[INFO] <<< spring-boot:3.4.1:run (default-cli) < test-compile @ VaultPay <<<
[INFO] 
[INFO] 
[INFO] --- spring-boot:3.4.1:run (default-cli) @ VaultPay ---
[INFO] Attaching agents: []

  .   ____          _            __ _ _
 /\\ / ___'_ __ _ _(_)_ __  __ _ \ \ \ \
( ( )\___ | '_ | '_| | '_ \/ _` | \ \ \ \
 \\/  ___)| |_)| | | | | || (_| |  ) ) ) )
  '  |____| .__|_| |_|_| |_\__, | / / / /
 =========|_|==============|___/=/_/_/_/

 :: Spring Boot ::                (v3.4.1)

2026-03-05T20:10:45.510+02:00  INFO 28588 --- [VaultPay] [           main] com.vaultpay.VaultPayApplication         : Starting VaultPayApplication using Java 21.0.8 with PID 28588 (C:\Users\HP\Downloads\VaultPay\VaultPay\target\classes started by HP in C:\Users\HP\Downloads\VaultPay\VaultPay)
2026-03-05T20:10:45.512+02:00  INFO 28588 --- [VaultPay] [           main] com.vaultpay.VaultPayApplication         : No active profile set, falling back to 1 default profile: "default"
2026-03-05T20:10:46.091+02:00  INFO 28588 --- [VaultPay] [           main] .s.d.r.c.RepositoryConfigurationDelegate : Bootstrapping Spring Data JPA repositories in DEFAULT mode.
2026-03-05T20:10:46.141+02:00  INFO 28588 --- [VaultPay] [           main] .s.d.r.c.RepositoryConfigurationDelegate : Finished Spring Data repository scanning in 44 ms. Found 6 JPA repository interfaces.
2026-03-05T20:10:46.515+02:00  INFO 28588 --- [VaultPay] [           main] o.s.b.w.embedded.tomcat.TomcatWebServer  : Tomcat initialized with port 8080 (http)
2026-03-05T20:10:46.527+02:00  INFO 28588 --- [VaultPay] [           main] o.apache.catalina.core.StandardService   : Starting service [Tomcat]
2026-03-05T20:10:46.527+02:00  INFO 28588 --- [VaultPay] [           main] o.apache.catalina.core.StandardEngine    : Starting Servlet engine: [Apache Tomcat/10.1.34]
2026-03-05T20:10:46.586+02:00  INFO 28588 --- [VaultPay] [           main] o.a.c.c.C.[Tomcat].[localhost].[/]       : Initializing Spring embedded WebApplicationContext
2026-03-05T20:10:46.587+02:00  INFO 28588 --- [VaultPay] [           main] w.s.c.ServletWebServerApplicationContext : Root WebApplicationContext: initialization completed in 1033 ms
2026-03-05T20:10:46.679+02:00  INFO 28588 --- [VaultPay] [           main] o.hibernate.jpa.internal.util.LogHelper  : HHH000204: Processing PersistenceUnitInfo [name: default]
2026-03-05T20:10:46.716+02:00  INFO 28588 --- [VaultPay] [           main] org.hibernate.Version                    : HHH000412: Hibernate ORM core version 6.6.4.Final
2026-03-05T20:10:46.742+02:00  INFO 28588 --- [VaultPay] [           main] o.h.c.internal.RegionFactoryInitiator    : HHH000026: Second-level cache disabled
2026-03-05T20:10:46.917+02:00  INFO 28588 --- [VaultPay] [           main] o.s.o.j.p.SpringPersistenceUnitInfo      : No LoadTimeWeaver setup: ignoring JPA class transformer
2026-03-05T20:10:46.933+02:00  INFO 28588 --- [VaultPay] [           main] com.zaxxer.hikari.HikariDataSource       : HikariPool-1 - Starting...
2026-03-05T20:10:47.064+02:00  INFO 28588 --- [VaultPay] [           main] com.zaxxer.hikari.pool.HikariPool        : HikariPool-1 - Added connection org.postgresql.jdbc.PgConnection@5af38a4a
2026-03-05T20:10:47.064+02:00  INFO 28588 --- [VaultPay] [           main] com.zaxxer.hikari.HikariDataSource       : HikariPool-1 - Start completed.
2026-03-05T20:10:47.088+02:00  WARN 28588 --- [VaultPay] [           main] org.hibernate.orm.deprecation            : HHH90000025: PostgreSQLDialect does not need to be specified explicitly using 'hibernate.dialect' (remove the property setting and it will be selected by default)
2026-03-05T20:10:47.098+02:00  INFO 28588 --- [VaultPay] [           main] org.hibernate.orm.connections.pooling    : HHH10001005: Database info:
	Database JDBC URL [Connecting through datasource 'HikariDataSource (HikariPool-1)']
	Database driver: undefined/unknown
	Database version: 17.6
	Autocommit mode: undefined/unknown
	Isolation level: undefined/unknown
	Minimum pool size: undefined/unknown
	Maximum pool size: undefined/unknown
2026-03-05T20:10:47.772+02:00  INFO 28588 --- [VaultPay] [           main] o.h.e.t.j.p.i.JtaPlatformInitiator       : HHH000489: No JTA platform available (set 'hibernate.transaction.jta.platform' to enable JTA platform integration)
2026-03-05T20:10:47.857+02:00  INFO 28588 --- [VaultPay] [           main] j.LocalContainerEntityManagerFactoryBean : Initialized JPA EntityManagerFactory for persistence unit 'default'
2026-03-05T20:10:48.313+02:00  INFO 28588 --- [VaultPay] [           main] eAuthenticationProviderManagerConfigurer : Global AuthenticationManager configured with AuthenticationProvider bean with name authenticationProvider
2026-03-05T20:10:48.313+02:00  WARN 28588 --- [VaultPay] [           main] r$InitializeUserDetailsManagerConfigurer : Global AuthenticationManager configured with an AuthenticationProvider bean. UserDetailsService beans will not be used by Spring Security for automatically configuring username/password login. Consider removing the AuthenticationProvider bean. Alternatively, consider using the UserDetailsService in a manually instantiated DaoAuthenticationProvider. If the current configuration is intentional, to turn off this warning, increase the logging level of 'org.springframework.security.config.annotation.authentication.configuration.InitializeUserDetailsBeanManagerConfigurer' to ERROR
2026-03-05T20:10:48.376+02:00  WARN 28588 --- [VaultPay] [           main] JpaBaseConfiguration$JpaWebConfiguration : spring.jpa.open-in-view is enabled by default. Therefore, database queries may be performed during view rendering. Explicitly configure spring.jpa.open-in-view to disable this warning
2026-03-05T20:10:48.794+02:00  INFO 28588 --- [VaultPay] [           main] o.s.b.w.embedded.tomcat.TomcatWebServer  : Tomcat started on port 8080 (http) with context path '/'
2026-03-05T20:10:48.798+02:00  INFO 28588 --- [VaultPay] [           main] com.vaultpay.VaultPayApplication         : Started VaultPayApplication in 3.607 seconds (process running for 3.92)
2026-03-05T20:11:20.132+02:00  INFO 28588 --- [VaultPay] [nio-8080-exec-1] o.a.c.c.C.[Tomcat].[localhost].[/]       : Initializing Spring DispatcherServlet 'dispatcherServlet'
2026-03-05T20:11:20.132+02:00  INFO 28588 --- [VaultPay] [nio-8080-exec-1] o.s.web.servlet.DispatcherServlet        : Initializing Servlet 'dispatcherServlet'
2026-03-05T20:11:20.133+02:00  INFO 28588 --- [VaultPay] [nio-8080-exec-1] o.s.web.servlet.DispatcherServlet        : Completed initialization in 1 ms
2026-03-05T20:11:20.524+02:00  INFO 28588 --- [VaultPay] [nio-8080-exec-1] o.springdoc.api.AbstractOpenApiResource  : Init duration for springdoc-openapi is: 353 ms
